<?xml version="1.0" encoding="UTF-8"?>
<testng-results ignored="0" total="1" passed="1" failed="0" skipped="0">
  <reporter-output>
  </reporter-output>
  <suite started-at="2023-05-07T08:12:19 PDT" name="Default suite" finished-at="2023-05-07T08:12:43 PDT" duration-ms="24055">
    <groups>
    </groups>
    <test started-at="2023-05-07T08:12:19 PDT" name="Default test" finished-at="2023-05-07T08:12:43 PDT" duration-ms="24055">
      <class name="base.charterMethods">
        <test-method signature="LaunchPage()[pri:0, instance:base.charterMethods@5403f35f]" started-at="2023-05-07T08:12:19 PDT" name="LaunchPage" finished-at="2023-05-07T08:12:43 PDT" duration-ms="24009" status="PASS">
          <reporter-output>
          </reporter-output>
        </test-method> <!-- LaunchPage -->
      </class> <!-- base.charterMethods -->
    </test> <!-- Default test -->
  </suite> <!-- Default suite -->
</testng-results>
